<?xml version="1.0" encoding="UTF-8"?>
<testsuite name="PuzzleCreatorTest" tests="4" skipped="0" failures="0" errors="0" timestamp="2022-06-22T07:38:09" hostname="DESKTOP-Q858G2D" time="0.508">
  <properties/>
  <testcase name="testCreatePuzzleMethodThrowsExceptionIfNotPerfectSquare()" classname="PuzzleCreatorTest" time="0.481"/>
  <testcase name="testCreatePuzzleMethodThrowsExceptionIfIncorrectColumns()" classname="PuzzleCreatorTest" time="0.01"/>
  <testcase name="testCreatePuzzleMethodReturnsSudokuPuzzle()" classname="PuzzleCreatorTest" time="0.008"/>
  <testcase name="testCreatePuzzleMethodThrowsExceptionIfIncorrectRows()" classname="PuzzleCreatorTest" time="0.002"/>
  <system-out><![CDATA[]]></system-out>
  <system-err><![CDATA[]]></system-err>
</testsuite>
